C:\USERS\WEBADM\DOCUMENTS\VISUAL STUDIO 11\PROJECTS\DIRECTXAPPLICATION1\DEBUG\DIRECTXAPPLICATION1.EXE
C:\USERS\WEBADM\DOCUMENTS\VISUAL STUDIO 11\PROJECTS\DIRECTXAPPLICATION1\DEBUG\DIRECTXAPPLICATION1.ILK
C:\USERS\WEBADM\DOCUMENTS\VISUAL STUDIO 11\PROJECTS\DIRECTXAPPLICATION1\DEBUG\DIRECTXAPPLICATION1.PDB
C:\USERS\WEBADM\DOCUMENTS\VISUAL STUDIO 11\PROJECTS\DIRECTXAPPLICATION1\DEBUG\DIRECTXAPPLICATION1.WINMD
C:\Users\webadm\Documents\Visual Studio 11\Projects\DirectXApplication1\Debug\ManagedDirectX.dll
C:\Users\webadm\Documents\Visual Studio 11\Projects\DirectXApplication1\Debug\ManagedDirectX.pdb
C:\Users\webadm\Documents\Visual Studio 11\Projects\DirectXApplication1\Debug\ManagedDirectX.winmd
C:\Users\webadm\Documents\Visual Studio 11\Projects\DirectXApplication1\Debug\platform.winmd
C:\Users\webadm\Documents\Visual Studio 11\Projects\DirectXApplication1\DirectXApplication1\Debug\cl.command.1.tlog
C:\Users\webadm\Documents\Visual Studio 11\Projects\DirectXApplication1\DirectXApplication1\Debug\CL.read.1.tlog
C:\Users\webadm\Documents\Visual Studio 11\Projects\DirectXApplication1\DirectXApplication1\Debug\CL.write.1.tlog
C:\USERS\WEBADM\DOCUMENTS\VISUAL STUDIO 11\PROJECTS\DIRECTXAPPLICATION1\DIRECTXAPPLICATION1\DEBUG\D3DRENDERER.OBJ
C:\USERS\WEBADM\DOCUMENTS\VISUAL STUDIO 11\PROJECTS\DIRECTXAPPLICATION1\DIRECTXAPPLICATION1\DEBUG\D3DVIEW.OBJ
C:\USERS\WEBADM\DOCUMENTS\VISUAL STUDIO 11\PROJECTS\DIRECTXAPPLICATION1\DIRECTXAPPLICATION1\DEBUG\DIRECTXAPPLICATION1.EXE.EMBED.MANIFEST
C:\USERS\WEBADM\DOCUMENTS\VISUAL STUDIO 11\PROJECTS\DIRECTXAPPLICATION1\DIRECTXAPPLICATION1\DEBUG\DIRECTXAPPLICATION1.EXE.EMBED.MANIFEST.RES
C:\USERS\WEBADM\DOCUMENTS\VISUAL STUDIO 11\PROJECTS\DIRECTXAPPLICATION1\DIRECTXAPPLICATION1\DEBUG\DIRECTXAPPLICATION1.EXE.INTERMEDIATE.MANIFEST
C:\USERS\WEBADM\DOCUMENTS\VISUAL STUDIO 11\PROJECTS\DIRECTXAPPLICATION1\DIRECTXAPPLICATION1\DEBUG\DIRECTXAPPLICATION1.PCH
C:\Users\webadm\Documents\Visual Studio 11\Projects\DirectXApplication1\DirectXApplication1\Debug\DirectXApplication1.vcxprojResolveAssemblyReference.cache
C:\Users\webadm\Documents\Visual Studio 11\Projects\DirectXApplication1\DirectXApplication1\Debug\DirectXApplication1.write.1.tlog
C:\Users\webadm\Documents\Visual Studio 11\Projects\DirectXApplication1\DirectXApplication1\Debug\DirectXApplication1_manifest.rc
C:\Users\webadm\Documents\Visual Studio 11\Projects\DirectXApplication1\DirectXApplication1\Debug\link.2712.read.1.tlog
C:\Users\webadm\Documents\Visual Studio 11\Projects\DirectXApplication1\DirectXApplication1\Debug\link.2712.write.1.tlog
C:\Users\webadm\Documents\Visual Studio 11\Projects\DirectXApplication1\DirectXApplication1\Debug\link.3548.read.1.tlog
C:\Users\webadm\Documents\Visual Studio 11\Projects\DirectXApplication1\DirectXApplication1\Debug\link.3548.write.1.tlog
C:\Users\webadm\Documents\Visual Studio 11\Projects\DirectXApplication1\DirectXApplication1\Debug\link.3884.read.1.tlog
C:\Users\webadm\Documents\Visual Studio 11\Projects\DirectXApplication1\DirectXApplication1\Debug\link.3884.write.1.tlog
C:\Users\webadm\Documents\Visual Studio 11\Projects\DirectXApplication1\DirectXApplication1\Debug\link.3884-cvtres.read.1.tlog
C:\Users\webadm\Documents\Visual Studio 11\Projects\DirectXApplication1\DirectXApplication1\Debug\link.3884-cvtres.write.1.tlog
C:\Users\webadm\Documents\Visual Studio 11\Projects\DirectXApplication1\DirectXApplication1\Debug\link.4864.read.1.tlog
C:\Users\webadm\Documents\Visual Studio 11\Projects\DirectXApplication1\DirectXApplication1\Debug\link.4864.write.1.tlog
C:\Users\webadm\Documents\Visual Studio 11\Projects\DirectXApplication1\DirectXApplication1\Debug\link.command.1.tlog
C:\Users\webadm\Documents\Visual Studio 11\Projects\DirectXApplication1\DirectXApplication1\Debug\link.read.1.tlog
C:\Users\webadm\Documents\Visual Studio 11\Projects\DirectXApplication1\DirectXApplication1\Debug\link.write.1.tlog
C:\Users\webadm\Documents\Visual Studio 11\Projects\DirectXApplication1\DirectXApplication1\Debug\link-cvtres.read.1.tlog
C:\Users\webadm\Documents\Visual Studio 11\Projects\DirectXApplication1\DirectXApplication1\Debug\link-cvtres.write.1.tlog
C:\USERS\WEBADM\DOCUMENTS\VISUAL STUDIO 11\PROJECTS\DIRECTXAPPLICATION1\DIRECTXAPPLICATION1\DEBUG\MAIN.OBJ
C:\Users\webadm\Documents\Visual Studio 11\Projects\DirectXApplication1\DirectXApplication1\Debug\mt.command.1.tlog
C:\Users\webadm\Documents\Visual Studio 11\Projects\DirectXApplication1\DirectXApplication1\Debug\mt.read.1.tlog
C:\Users\webadm\Documents\Visual Studio 11\Projects\DirectXApplication1\DirectXApplication1\Debug\mt.write.1.tlog
C:\USERS\WEBADM\DOCUMENTS\VISUAL STUDIO 11\PROJECTS\DIRECTXAPPLICATION1\DIRECTXAPPLICATION1\DEBUG\PCH.OBJ
C:\Users\webadm\Documents\Visual Studio 11\Projects\DirectXApplication1\DirectXApplication1\Debug\rc.command.1.tlog
C:\Users\webadm\Documents\Visual Studio 11\Projects\DirectXApplication1\DirectXApplication1\Debug\rc.read.1.tlog
C:\Users\webadm\Documents\Visual Studio 11\Projects\DirectXApplication1\DirectXApplication1\Debug\rc.write.1.tlog
C:\Users\webadm\Documents\Visual Studio 11\Projects\DirectXApplication1\DirectXApplication1\Debug\vc110.idb
C:\USERS\WEBADM\DOCUMENTS\VISUAL STUDIO 11\PROJECTS\DIRECTXAPPLICATION1\DIRECTXAPPLICATION1\DEBUG\VC110.PDB
C:\USERS\WEBADM\DOCUMENTS\VISUAL STUDIO 11\PROJECTS\DIRECTXAPPLICATION1\DIRECTXAPPLICATION1\DEBUG\VIEWPROVIDER.OBJ
