C:\USERS\WEBADM\DOCUMENTS\DIRECTXAPPLICATION1\DIRECTXAPPLICATION1\X64\DEBUG\D3DRENDERER.OBJ
C:\USERS\WEBADM\DOCUMENTS\DIRECTXAPPLICATION1\DIRECTXAPPLICATION1\X64\DEBUG\D3DVIEW.OBJ
C:\USERS\WEBADM\DOCUMENTS\DIRECTXAPPLICATION1\DIRECTXAPPLICATION1\X64\DEBUG\DIRECTXAPPLICATION1.EXE.EMBED.MANIFEST
C:\USERS\WEBADM\DOCUMENTS\DIRECTXAPPLICATION1\DIRECTXAPPLICATION1\X64\DEBUG\DIRECTXAPPLICATION1.EXE.EMBED.MANIFEST.RES
C:\USERS\WEBADM\DOCUMENTS\DIRECTXAPPLICATION1\DIRECTXAPPLICATION1\X64\DEBUG\DIRECTXAPPLICATION1.EXE.INTERMEDIATE.MANIFEST
C:\USERS\WEBADM\DOCUMENTS\DIRECTXAPPLICATION1\DIRECTXAPPLICATION1\X64\DEBUG\DIRECTXAPPLICATION1.PCH
C:\USERS\WEBADM\DOCUMENTS\DIRECTXAPPLICATION1\DIRECTXAPPLICATION1\X64\DEBUG\MAIN.OBJ
C:\USERS\WEBADM\DOCUMENTS\DIRECTXAPPLICATION1\DIRECTXAPPLICATION1\X64\DEBUG\PCH.OBJ
C:\USERS\WEBADM\DOCUMENTS\DIRECTXAPPLICATION1\DIRECTXAPPLICATION1\X64\DEBUG\VC110.PDB
C:\USERS\WEBADM\DOCUMENTS\DIRECTXAPPLICATION1\DIRECTXAPPLICATION1\X64\DEBUG\VIEWPROVIDER.OBJ
C:\USERS\WEBADM\DOCUMENTS\DIRECTXAPPLICATION1\X64\DEBUG\DIRECTXAPPLICATION1.EXE
C:\USERS\WEBADM\DOCUMENTS\DIRECTXAPPLICATION1\X64\DEBUG\DIRECTXAPPLICATION1.ILK
C:\USERS\WEBADM\DOCUMENTS\DIRECTXAPPLICATION1\X64\DEBUG\DIRECTXAPPLICATION1.PDB
C:\USERS\WEBADM\DOCUMENTS\DIRECTXAPPLICATION1\X64\DEBUG\DIRECTXAPPLICATION1.WINMD
C:\Users\webadm\Documents\DirectXApplication1\x64\Debug\DXInteropLib.dll
C:\Users\webadm\Documents\DirectXApplication1\x64\Debug\DXInteropLib.pdb
C:\Users\webadm\Documents\DirectXApplication1\x64\Debug\DXInteropLib.winmd
C:\Users\webadm\Documents\DirectXApplication1\x64\Debug\platform.winmd
C:\Users\webadm\Documents\DirectXApplication1\x64\Debug\TestProgram.pdb
C:\Users\webadm\Documents\DirectXApplication1\x64\Debug\TestProgram.winmd
C:\Users\webadm\Documents\Visual Studio 11\Projects\DirectXApplication1\DirectXApplication1\x64\Debug\cl.command.1.tlog
C:\Users\webadm\Documents\Visual Studio 11\Projects\DirectXApplication1\DirectXApplication1\x64\Debug\CL.read.1.tlog
C:\Users\webadm\Documents\Visual Studio 11\Projects\DirectXApplication1\DirectXApplication1\x64\Debug\CL.write.1.tlog
C:\USERS\WEBADM\DOCUMENTS\VISUAL STUDIO 11\PROJECTS\DIRECTXAPPLICATION1\DIRECTXAPPLICATION1\X64\DEBUG\D3DRENDERER.OBJ
C:\USERS\WEBADM\DOCUMENTS\VISUAL STUDIO 11\PROJECTS\DIRECTXAPPLICATION1\DIRECTXAPPLICATION1\X64\DEBUG\D3DVIEW.OBJ
C:\Users\webadm\Documents\Visual Studio 11\Projects\DirectXApplication1\DirectXApplication1\x64\Debug\DirectXApplication1.exe.embed.manifest
C:\USERS\WEBADM\DOCUMENTS\VISUAL STUDIO 11\PROJECTS\DIRECTXAPPLICATION1\DIRECTXAPPLICATION1\X64\DEBUG\DIRECTXAPPLICATION1.EXE.EMBED.MANIFEST.RES
C:\USERS\WEBADM\DOCUMENTS\VISUAL STUDIO 11\PROJECTS\DIRECTXAPPLICATION1\DIRECTXAPPLICATION1\X64\DEBUG\DIRECTXAPPLICATION1.EXE.INTERMEDIATE.MANIFEST
C:\USERS\WEBADM\DOCUMENTS\VISUAL STUDIO 11\PROJECTS\DIRECTXAPPLICATION1\DIRECTXAPPLICATION1\X64\DEBUG\DIRECTXAPPLICATION1.PCH
C:\Users\webadm\Documents\Visual Studio 11\Projects\DirectXApplication1\DirectXApplication1\x64\Debug\DirectXApplication1.vcxprojResolveAssemblyReference.cache
C:\Users\webadm\Documents\Visual Studio 11\Projects\DirectXApplication1\DirectXApplication1\x64\Debug\DirectXApplication1.write.1 (Laptop8).tlog
C:\Users\webadm\Documents\Visual Studio 11\Projects\DirectXApplication1\DirectXApplication1\x64\Debug\DirectXApplication1.write.1.tlog
C:\Users\webadm\Documents\Visual Studio 11\Projects\DirectXApplication1\DirectXApplication1\x64\Debug\DirectXApplication1_manifest.rc
C:\Users\webadm\Documents\Visual Studio 11\Projects\DirectXApplication1\DirectXApplication1\x64\Debug\link.1016.read.1.tlog
C:\Users\webadm\Documents\Visual Studio 11\Projects\DirectXApplication1\DirectXApplication1\x64\Debug\link.1016.write.1.tlog
C:\Users\webadm\Documents\Visual Studio 11\Projects\DirectXApplication1\DirectXApplication1\x64\Debug\link.1368.read.1.tlog
C:\Users\webadm\Documents\Visual Studio 11\Projects\DirectXApplication1\DirectXApplication1\x64\Debug\link.1368.write.1.tlog
C:\Users\webadm\Documents\Visual Studio 11\Projects\DirectXApplication1\DirectXApplication1\x64\Debug\link.1408.read.1.tlog
C:\Users\webadm\Documents\Visual Studio 11\Projects\DirectXApplication1\DirectXApplication1\x64\Debug\link.1408.write.1.tlog
C:\Users\webadm\Documents\Visual Studio 11\Projects\DirectXApplication1\DirectXApplication1\x64\Debug\link.1608.read.1.tlog
C:\Users\webadm\Documents\Visual Studio 11\Projects\DirectXApplication1\DirectXApplication1\x64\Debug\link.1608.write.1.tlog
C:\Users\webadm\Documents\Visual Studio 11\Projects\DirectXApplication1\DirectXApplication1\x64\Debug\link.1740.read.1.tlog
C:\Users\webadm\Documents\Visual Studio 11\Projects\DirectXApplication1\DirectXApplication1\x64\Debug\link.1740.write.1.tlog
C:\Users\webadm\Documents\Visual Studio 11\Projects\DirectXApplication1\DirectXApplication1\x64\Debug\link.1808.read.1.tlog
C:\Users\webadm\Documents\Visual Studio 11\Projects\DirectXApplication1\DirectXApplication1\x64\Debug\link.1808.write.1.tlog
C:\Users\webadm\Documents\Visual Studio 11\Projects\DirectXApplication1\DirectXApplication1\x64\Debug\link.1808-cvtres.read.1.tlog
C:\Users\webadm\Documents\Visual Studio 11\Projects\DirectXApplication1\DirectXApplication1\x64\Debug\link.1808-cvtres.write.1.tlog
C:\Users\webadm\Documents\Visual Studio 11\Projects\DirectXApplication1\DirectXApplication1\x64\Debug\link.1860.read.1.tlog
C:\Users\webadm\Documents\Visual Studio 11\Projects\DirectXApplication1\DirectXApplication1\x64\Debug\link.1860.write.1.tlog
C:\Users\webadm\Documents\Visual Studio 11\Projects\DirectXApplication1\DirectXApplication1\x64\Debug\link.1892.read.1.tlog
C:\Users\webadm\Documents\Visual Studio 11\Projects\DirectXApplication1\DirectXApplication1\x64\Debug\link.1892.write.1.tlog
C:\Users\webadm\Documents\Visual Studio 11\Projects\DirectXApplication1\DirectXApplication1\x64\Debug\link.1956.read.1.tlog
C:\Users\webadm\Documents\Visual Studio 11\Projects\DirectXApplication1\DirectXApplication1\x64\Debug\link.1956.write.1.tlog
C:\Users\webadm\Documents\Visual Studio 11\Projects\DirectXApplication1\DirectXApplication1\x64\Debug\link.2044.read.1.tlog
C:\Users\webadm\Documents\Visual Studio 11\Projects\DirectXApplication1\DirectXApplication1\x64\Debug\link.2044.write.1.tlog
C:\Users\webadm\Documents\Visual Studio 11\Projects\DirectXApplication1\DirectXApplication1\x64\Debug\link.2044-cvtres.read.1.tlog
C:\Users\webadm\Documents\Visual Studio 11\Projects\DirectXApplication1\DirectXApplication1\x64\Debug\link.2044-cvtres.write.1.tlog
C:\Users\webadm\Documents\Visual Studio 11\Projects\DirectXApplication1\DirectXApplication1\x64\Debug\link.2116.read.1.tlog
C:\Users\webadm\Documents\Visual Studio 11\Projects\DirectXApplication1\DirectXApplication1\x64\Debug\link.2116.write.1.tlog
C:\Users\webadm\Documents\Visual Studio 11\Projects\DirectXApplication1\DirectXApplication1\x64\Debug\link.212.read.1.tlog
C:\Users\webadm\Documents\Visual Studio 11\Projects\DirectXApplication1\DirectXApplication1\x64\Debug\link.212.write.1.tlog
C:\Users\webadm\Documents\Visual Studio 11\Projects\DirectXApplication1\DirectXApplication1\x64\Debug\link.2260.read.1.tlog
C:\Users\webadm\Documents\Visual Studio 11\Projects\DirectXApplication1\DirectXApplication1\x64\Debug\link.2260.write.1.tlog
C:\Users\webadm\Documents\Visual Studio 11\Projects\DirectXApplication1\DirectXApplication1\x64\Debug\link.2260-cvtres.read.1.tlog
C:\Users\webadm\Documents\Visual Studio 11\Projects\DirectXApplication1\DirectXApplication1\x64\Debug\link.2260-cvtres.write.1.tlog
C:\Users\webadm\Documents\Visual Studio 11\Projects\DirectXApplication1\DirectXApplication1\x64\Debug\link.2296.read.1.tlog
C:\Users\webadm\Documents\Visual Studio 11\Projects\DirectXApplication1\DirectXApplication1\x64\Debug\link.2296.write.1.tlog
C:\Users\webadm\Documents\Visual Studio 11\Projects\DirectXApplication1\DirectXApplication1\x64\Debug\link.2336.read.1.tlog
C:\Users\webadm\Documents\Visual Studio 11\Projects\DirectXApplication1\DirectXApplication1\x64\Debug\link.2336.write.1.tlog
C:\Users\webadm\Documents\Visual Studio 11\Projects\DirectXApplication1\DirectXApplication1\x64\Debug\link.2360.read.1.tlog
C:\Users\webadm\Documents\Visual Studio 11\Projects\DirectXApplication1\DirectXApplication1\x64\Debug\link.2360.write.1.tlog
C:\Users\webadm\Documents\Visual Studio 11\Projects\DirectXApplication1\DirectXApplication1\x64\Debug\link.2396.read.1.tlog
C:\Users\webadm\Documents\Visual Studio 11\Projects\DirectXApplication1\DirectXApplication1\x64\Debug\link.2396.write.1.tlog
C:\Users\webadm\Documents\Visual Studio 11\Projects\DirectXApplication1\DirectXApplication1\x64\Debug\link.2396-cvtres.read.1.tlog
C:\Users\webadm\Documents\Visual Studio 11\Projects\DirectXApplication1\DirectXApplication1\x64\Debug\link.2396-cvtres.write.1.tlog
C:\Users\webadm\Documents\Visual Studio 11\Projects\DirectXApplication1\DirectXApplication1\x64\Debug\link.2424.read.1.tlog
C:\Users\webadm\Documents\Visual Studio 11\Projects\DirectXApplication1\DirectXApplication1\x64\Debug\link.2424.write.1.tlog
C:\Users\webadm\Documents\Visual Studio 11\Projects\DirectXApplication1\DirectXApplication1\x64\Debug\link.2428.read.1.tlog
C:\Users\webadm\Documents\Visual Studio 11\Projects\DirectXApplication1\DirectXApplication1\x64\Debug\link.2428.write.1.tlog
C:\Users\webadm\Documents\Visual Studio 11\Projects\DirectXApplication1\DirectXApplication1\x64\Debug\link.2476.read.1.tlog
C:\Users\webadm\Documents\Visual Studio 11\Projects\DirectXApplication1\DirectXApplication1\x64\Debug\link.2476.write.1.tlog
C:\Users\webadm\Documents\Visual Studio 11\Projects\DirectXApplication1\DirectXApplication1\x64\Debug\link.248.read.1.tlog
C:\Users\webadm\Documents\Visual Studio 11\Projects\DirectXApplication1\DirectXApplication1\x64\Debug\link.248.write.1.tlog
C:\Users\webadm\Documents\Visual Studio 11\Projects\DirectXApplication1\DirectXApplication1\x64\Debug\link.2480.read.1.tlog
C:\Users\webadm\Documents\Visual Studio 11\Projects\DirectXApplication1\DirectXApplication1\x64\Debug\link.2480.write.1.tlog
C:\Users\webadm\Documents\Visual Studio 11\Projects\DirectXApplication1\DirectXApplication1\x64\Debug\link.248-cvtres.read.1.tlog
C:\Users\webadm\Documents\Visual Studio 11\Projects\DirectXApplication1\DirectXApplication1\x64\Debug\link.248-cvtres.write.1.tlog
C:\Users\webadm\Documents\Visual Studio 11\Projects\DirectXApplication1\DirectXApplication1\x64\Debug\link.2664.read.1.tlog
C:\Users\webadm\Documents\Visual Studio 11\Projects\DirectXApplication1\DirectXApplication1\x64\Debug\link.2664.write.1.tlog
C:\Users\webadm\Documents\Visual Studio 11\Projects\DirectXApplication1\DirectXApplication1\x64\Debug\link.2688.read.1.tlog
C:\Users\webadm\Documents\Visual Studio 11\Projects\DirectXApplication1\DirectXApplication1\x64\Debug\link.2688.write.1.tlog
C:\Users\webadm\Documents\Visual Studio 11\Projects\DirectXApplication1\DirectXApplication1\x64\Debug\link.2736.read.1.tlog
C:\Users\webadm\Documents\Visual Studio 11\Projects\DirectXApplication1\DirectXApplication1\x64\Debug\link.2736.write.1.tlog
C:\Users\webadm\Documents\Visual Studio 11\Projects\DirectXApplication1\DirectXApplication1\x64\Debug\link.2748.read.1.tlog
C:\Users\webadm\Documents\Visual Studio 11\Projects\DirectXApplication1\DirectXApplication1\x64\Debug\link.2748.write.1.tlog
C:\Users\webadm\Documents\Visual Studio 11\Projects\DirectXApplication1\DirectXApplication1\x64\Debug\link.2804.read.1.tlog
C:\Users\webadm\Documents\Visual Studio 11\Projects\DirectXApplication1\DirectXApplication1\x64\Debug\link.2804.write.1.tlog
C:\Users\webadm\Documents\Visual Studio 11\Projects\DirectXApplication1\DirectXApplication1\x64\Debug\link.2836.read.1.tlog
C:\Users\webadm\Documents\Visual Studio 11\Projects\DirectXApplication1\DirectXApplication1\x64\Debug\link.2836.write.1.tlog
C:\Users\webadm\Documents\Visual Studio 11\Projects\DirectXApplication1\DirectXApplication1\x64\Debug\link.2936.read.1.tlog
C:\Users\webadm\Documents\Visual Studio 11\Projects\DirectXApplication1\DirectXApplication1\x64\Debug\link.2936.write.1.tlog
C:\Users\webadm\Documents\Visual Studio 11\Projects\DirectXApplication1\DirectXApplication1\x64\Debug\link.2964.read.1.tlog
C:\Users\webadm\Documents\Visual Studio 11\Projects\DirectXApplication1\DirectXApplication1\x64\Debug\link.2964.write.1.tlog
C:\Users\webadm\Documents\Visual Studio 11\Projects\DirectXApplication1\DirectXApplication1\x64\Debug\link.2976.read.1.tlog
C:\Users\webadm\Documents\Visual Studio 11\Projects\DirectXApplication1\DirectXApplication1\x64\Debug\link.2976.write.1.tlog
C:\Users\webadm\Documents\Visual Studio 11\Projects\DirectXApplication1\DirectXApplication1\x64\Debug\link.3024.read.1.tlog
C:\Users\webadm\Documents\Visual Studio 11\Projects\DirectXApplication1\DirectXApplication1\x64\Debug\link.3024.write.1.tlog
C:\Users\webadm\Documents\Visual Studio 11\Projects\DirectXApplication1\DirectXApplication1\x64\Debug\link.3036.read.1.tlog
C:\Users\webadm\Documents\Visual Studio 11\Projects\DirectXApplication1\DirectXApplication1\x64\Debug\link.3036.write.1.tlog
C:\Users\webadm\Documents\Visual Studio 11\Projects\DirectXApplication1\DirectXApplication1\x64\Debug\link.3100.read.1.tlog
C:\Users\webadm\Documents\Visual Studio 11\Projects\DirectXApplication1\DirectXApplication1\x64\Debug\link.3100.write.1.tlog
C:\Users\webadm\Documents\Visual Studio 11\Projects\DirectXApplication1\DirectXApplication1\x64\Debug\link.312.read.1.tlog
C:\Users\webadm\Documents\Visual Studio 11\Projects\DirectXApplication1\DirectXApplication1\x64\Debug\link.312.write.1.tlog
C:\Users\webadm\Documents\Visual Studio 11\Projects\DirectXApplication1\DirectXApplication1\x64\Debug\link.3168.read.1.tlog
C:\Users\webadm\Documents\Visual Studio 11\Projects\DirectXApplication1\DirectXApplication1\x64\Debug\link.3168.write.1.tlog
C:\Users\webadm\Documents\Visual Studio 11\Projects\DirectXApplication1\DirectXApplication1\x64\Debug\link.320.read.1.tlog
C:\Users\webadm\Documents\Visual Studio 11\Projects\DirectXApplication1\DirectXApplication1\x64\Debug\link.320.write.1.tlog
C:\Users\webadm\Documents\Visual Studio 11\Projects\DirectXApplication1\DirectXApplication1\x64\Debug\link.3200.read.1.tlog
C:\Users\webadm\Documents\Visual Studio 11\Projects\DirectXApplication1\DirectXApplication1\x64\Debug\link.3200.write.1.tlog
C:\Users\webadm\Documents\Visual Studio 11\Projects\DirectXApplication1\DirectXApplication1\x64\Debug\link.3228.read.1.tlog
C:\Users\webadm\Documents\Visual Studio 11\Projects\DirectXApplication1\DirectXApplication1\x64\Debug\link.3228.write.1.tlog
C:\Users\webadm\Documents\Visual Studio 11\Projects\DirectXApplication1\DirectXApplication1\x64\Debug\link.3256.read.1.tlog
C:\Users\webadm\Documents\Visual Studio 11\Projects\DirectXApplication1\DirectXApplication1\x64\Debug\link.3256.write.1.tlog
C:\Users\webadm\Documents\Visual Studio 11\Projects\DirectXApplication1\DirectXApplication1\x64\Debug\link.3256-cvtres.read.1.tlog
C:\Users\webadm\Documents\Visual Studio 11\Projects\DirectXApplication1\DirectXApplication1\x64\Debug\link.3256-cvtres.write.1.tlog
C:\Users\webadm\Documents\Visual Studio 11\Projects\DirectXApplication1\DirectXApplication1\x64\Debug\link.3328.read.1.tlog
C:\Users\webadm\Documents\Visual Studio 11\Projects\DirectXApplication1\DirectXApplication1\x64\Debug\link.3328.write.1.tlog
C:\Users\webadm\Documents\Visual Studio 11\Projects\DirectXApplication1\DirectXApplication1\x64\Debug\link.3332.read.1.tlog
C:\Users\webadm\Documents\Visual Studio 11\Projects\DirectXApplication1\DirectXApplication1\x64\Debug\link.3332.write.1.tlog
C:\Users\webadm\Documents\Visual Studio 11\Projects\DirectXApplication1\DirectXApplication1\x64\Debug\link.3348.read.1.tlog
C:\Users\webadm\Documents\Visual Studio 11\Projects\DirectXApplication1\DirectXApplication1\x64\Debug\link.3348.write.1.tlog
C:\Users\webadm\Documents\Visual Studio 11\Projects\DirectXApplication1\DirectXApplication1\x64\Debug\link.3356.read.1.tlog
C:\Users\webadm\Documents\Visual Studio 11\Projects\DirectXApplication1\DirectXApplication1\x64\Debug\link.3356.write.1.tlog
C:\Users\webadm\Documents\Visual Studio 11\Projects\DirectXApplication1\DirectXApplication1\x64\Debug\link.3440.read.1.tlog
C:\Users\webadm\Documents\Visual Studio 11\Projects\DirectXApplication1\DirectXApplication1\x64\Debug\link.3440.write.1.tlog
C:\Users\webadm\Documents\Visual Studio 11\Projects\DirectXApplication1\DirectXApplication1\x64\Debug\link.3440-cvtres.read.1.tlog
C:\Users\webadm\Documents\Visual Studio 11\Projects\DirectXApplication1\DirectXApplication1\x64\Debug\link.3440-cvtres.write.1.tlog
C:\Users\webadm\Documents\Visual Studio 11\Projects\DirectXApplication1\DirectXApplication1\x64\Debug\link.3464.read.1.tlog
C:\Users\webadm\Documents\Visual Studio 11\Projects\DirectXApplication1\DirectXApplication1\x64\Debug\link.3464.write.1.tlog
C:\Users\webadm\Documents\Visual Studio 11\Projects\DirectXApplication1\DirectXApplication1\x64\Debug\link.3472.read.1.tlog
C:\Users\webadm\Documents\Visual Studio 11\Projects\DirectXApplication1\DirectXApplication1\x64\Debug\link.3472.write.1.tlog
C:\Users\webadm\Documents\Visual Studio 11\Projects\DirectXApplication1\DirectXApplication1\x64\Debug\link.3508.read.1.tlog
C:\Users\webadm\Documents\Visual Studio 11\Projects\DirectXApplication1\DirectXApplication1\x64\Debug\link.3508.write.1.tlog
C:\Users\webadm\Documents\Visual Studio 11\Projects\DirectXApplication1\DirectXApplication1\x64\Debug\link.3560.read.1.tlog
C:\Users\webadm\Documents\Visual Studio 11\Projects\DirectXApplication1\DirectXApplication1\x64\Debug\link.3560.write.1.tlog
C:\Users\webadm\Documents\Visual Studio 11\Projects\DirectXApplication1\DirectXApplication1\x64\Debug\link.3596.read.1.tlog
C:\Users\webadm\Documents\Visual Studio 11\Projects\DirectXApplication1\DirectXApplication1\x64\Debug\link.3596.write.1.tlog
C:\Users\webadm\Documents\Visual Studio 11\Projects\DirectXApplication1\DirectXApplication1\x64\Debug\link.3648.read.1.tlog
C:\Users\webadm\Documents\Visual Studio 11\Projects\DirectXApplication1\DirectXApplication1\x64\Debug\link.3648.write.1.tlog
C:\Users\webadm\Documents\Visual Studio 11\Projects\DirectXApplication1\DirectXApplication1\x64\Debug\link.3704.read.1.tlog
C:\Users\webadm\Documents\Visual Studio 11\Projects\DirectXApplication1\DirectXApplication1\x64\Debug\link.3704.write.1.tlog
C:\Users\webadm\Documents\Visual Studio 11\Projects\DirectXApplication1\DirectXApplication1\x64\Debug\link.3784.read.1.tlog
C:\Users\webadm\Documents\Visual Studio 11\Projects\DirectXApplication1\DirectXApplication1\x64\Debug\link.3784.write.1.tlog
C:\Users\webadm\Documents\Visual Studio 11\Projects\DirectXApplication1\DirectXApplication1\x64\Debug\link.3788.read.1.tlog
C:\Users\webadm\Documents\Visual Studio 11\Projects\DirectXApplication1\DirectXApplication1\x64\Debug\link.3788.write.1.tlog
C:\Users\webadm\Documents\Visual Studio 11\Projects\DirectXApplication1\DirectXApplication1\x64\Debug\link.3816.read.1.tlog
C:\Users\webadm\Documents\Visual Studio 11\Projects\DirectXApplication1\DirectXApplication1\x64\Debug\link.3816.write.1.tlog
C:\Users\webadm\Documents\Visual Studio 11\Projects\DirectXApplication1\DirectXApplication1\x64\Debug\link.3872.read.1.tlog
C:\Users\webadm\Documents\Visual Studio 11\Projects\DirectXApplication1\DirectXApplication1\x64\Debug\link.3872.write.1.tlog
C:\Users\webadm\Documents\Visual Studio 11\Projects\DirectXApplication1\DirectXApplication1\x64\Debug\link.388.read.1.tlog
C:\Users\webadm\Documents\Visual Studio 11\Projects\DirectXApplication1\DirectXApplication1\x64\Debug\link.388.write.1.tlog
C:\Users\webadm\Documents\Visual Studio 11\Projects\DirectXApplication1\DirectXApplication1\x64\Debug\link.3904.read.1.tlog
C:\Users\webadm\Documents\Visual Studio 11\Projects\DirectXApplication1\DirectXApplication1\x64\Debug\link.3904.write.1.tlog
C:\Users\webadm\Documents\Visual Studio 11\Projects\DirectXApplication1\DirectXApplication1\x64\Debug\link.3916.read.1.tlog
C:\Users\webadm\Documents\Visual Studio 11\Projects\DirectXApplication1\DirectXApplication1\x64\Debug\link.3916.write.1.tlog
C:\Users\webadm\Documents\Visual Studio 11\Projects\DirectXApplication1\DirectXApplication1\x64\Debug\link.3916-cvtres.read.1.tlog
C:\Users\webadm\Documents\Visual Studio 11\Projects\DirectXApplication1\DirectXApplication1\x64\Debug\link.3916-cvtres.write.1.tlog
C:\Users\webadm\Documents\Visual Studio 11\Projects\DirectXApplication1\DirectXApplication1\x64\Debug\link.3920.read.1.tlog
C:\Users\webadm\Documents\Visual Studio 11\Projects\DirectXApplication1\DirectXApplication1\x64\Debug\link.3920.write.1.tlog
C:\Users\webadm\Documents\Visual Studio 11\Projects\DirectXApplication1\DirectXApplication1\x64\Debug\link.3924.read.1.tlog
C:\Users\webadm\Documents\Visual Studio 11\Projects\DirectXApplication1\DirectXApplication1\x64\Debug\link.3924.write.1.tlog
C:\Users\webadm\Documents\Visual Studio 11\Projects\DirectXApplication1\DirectXApplication1\x64\Debug\link.3988.read.1.tlog
C:\Users\webadm\Documents\Visual Studio 11\Projects\DirectXApplication1\DirectXApplication1\x64\Debug\link.3988.write.1.tlog
C:\Users\webadm\Documents\Visual Studio 11\Projects\DirectXApplication1\DirectXApplication1\x64\Debug\link.4008.read.1.tlog
C:\Users\webadm\Documents\Visual Studio 11\Projects\DirectXApplication1\DirectXApplication1\x64\Debug\link.4008.write.1.tlog
C:\Users\webadm\Documents\Visual Studio 11\Projects\DirectXApplication1\DirectXApplication1\x64\Debug\link.4020.read.1.tlog
C:\Users\webadm\Documents\Visual Studio 11\Projects\DirectXApplication1\DirectXApplication1\x64\Debug\link.4020.write.1.tlog
C:\Users\webadm\Documents\Visual Studio 11\Projects\DirectXApplication1\DirectXApplication1\x64\Debug\link.404.read.1.tlog
C:\Users\webadm\Documents\Visual Studio 11\Projects\DirectXApplication1\DirectXApplication1\x64\Debug\link.404.write.1.tlog
C:\Users\webadm\Documents\Visual Studio 11\Projects\DirectXApplication1\DirectXApplication1\x64\Debug\link.4076.read.1.tlog
C:\Users\webadm\Documents\Visual Studio 11\Projects\DirectXApplication1\DirectXApplication1\x64\Debug\link.4076.write.1.tlog
C:\Users\webadm\Documents\Visual Studio 11\Projects\DirectXApplication1\DirectXApplication1\x64\Debug\link.4084.read.1.tlog
C:\Users\webadm\Documents\Visual Studio 11\Projects\DirectXApplication1\DirectXApplication1\x64\Debug\link.4084.write.1.tlog
C:\Users\webadm\Documents\Visual Studio 11\Projects\DirectXApplication1\DirectXApplication1\x64\Debug\link.4100.read.1.tlog
C:\Users\webadm\Documents\Visual Studio 11\Projects\DirectXApplication1\DirectXApplication1\x64\Debug\link.4100.write.1.tlog
C:\Users\webadm\Documents\Visual Studio 11\Projects\DirectXApplication1\DirectXApplication1\x64\Debug\link.4116.read.1.tlog
C:\Users\webadm\Documents\Visual Studio 11\Projects\DirectXApplication1\DirectXApplication1\x64\Debug\link.4116.write.1.tlog
C:\Users\webadm\Documents\Visual Studio 11\Projects\DirectXApplication1\DirectXApplication1\x64\Debug\link.4152.read.1.tlog
C:\Users\webadm\Documents\Visual Studio 11\Projects\DirectXApplication1\DirectXApplication1\x64\Debug\link.4152.write.1.tlog
C:\Users\webadm\Documents\Visual Studio 11\Projects\DirectXApplication1\DirectXApplication1\x64\Debug\link.4160.read.1.tlog
C:\Users\webadm\Documents\Visual Studio 11\Projects\DirectXApplication1\DirectXApplication1\x64\Debug\link.4160.write.1.tlog
C:\Users\webadm\Documents\Visual Studio 11\Projects\DirectXApplication1\DirectXApplication1\x64\Debug\link.4232.read.1.tlog
C:\Users\webadm\Documents\Visual Studio 11\Projects\DirectXApplication1\DirectXApplication1\x64\Debug\link.4232.write.1.tlog
C:\Users\webadm\Documents\Visual Studio 11\Projects\DirectXApplication1\DirectXApplication1\x64\Debug\link.4272.read.1.tlog
C:\Users\webadm\Documents\Visual Studio 11\Projects\DirectXApplication1\DirectXApplication1\x64\Debug\link.4272.write.1.tlog
C:\Users\webadm\Documents\Visual Studio 11\Projects\DirectXApplication1\DirectXApplication1\x64\Debug\link.4272-cvtres.read.1.tlog
C:\Users\webadm\Documents\Visual Studio 11\Projects\DirectXApplication1\DirectXApplication1\x64\Debug\link.4272-cvtres.write.1.tlog
C:\Users\webadm\Documents\Visual Studio 11\Projects\DirectXApplication1\DirectXApplication1\x64\Debug\link.4308.read.1.tlog
C:\Users\webadm\Documents\Visual Studio 11\Projects\DirectXApplication1\DirectXApplication1\x64\Debug\link.4308.write.1.tlog
C:\Users\webadm\Documents\Visual Studio 11\Projects\DirectXApplication1\DirectXApplication1\x64\Debug\link.4348.read.1.tlog
C:\Users\webadm\Documents\Visual Studio 11\Projects\DirectXApplication1\DirectXApplication1\x64\Debug\link.4348.write.1.tlog
C:\Users\webadm\Documents\Visual Studio 11\Projects\DirectXApplication1\DirectXApplication1\x64\Debug\link.4440.read.1.tlog
C:\Users\webadm\Documents\Visual Studio 11\Projects\DirectXApplication1\DirectXApplication1\x64\Debug\link.4440.write.1.tlog
C:\Users\webadm\Documents\Visual Studio 11\Projects\DirectXApplication1\DirectXApplication1\x64\Debug\link.4440-cvtres.read.1.tlog
C:\Users\webadm\Documents\Visual Studio 11\Projects\DirectXApplication1\DirectXApplication1\x64\Debug\link.4440-cvtres.write.1.tlog
C:\Users\webadm\Documents\Visual Studio 11\Projects\DirectXApplication1\DirectXApplication1\x64\Debug\link.4476.read.1.tlog
C:\Users\webadm\Documents\Visual Studio 11\Projects\DirectXApplication1\DirectXApplication1\x64\Debug\link.4476.write.1.tlog
C:\Users\webadm\Documents\Visual Studio 11\Projects\DirectXApplication1\DirectXApplication1\x64\Debug\link.4500.read.1.tlog
C:\Users\webadm\Documents\Visual Studio 11\Projects\DirectXApplication1\DirectXApplication1\x64\Debug\link.4500.write.1.tlog
C:\Users\webadm\Documents\Visual Studio 11\Projects\DirectXApplication1\DirectXApplication1\x64\Debug\link.4540.read.1.tlog
C:\Users\webadm\Documents\Visual Studio 11\Projects\DirectXApplication1\DirectXApplication1\x64\Debug\link.4540.write.1.tlog
C:\Users\webadm\Documents\Visual Studio 11\Projects\DirectXApplication1\DirectXApplication1\x64\Debug\link.4576.read.1.tlog
C:\Users\webadm\Documents\Visual Studio 11\Projects\DirectXApplication1\DirectXApplication1\x64\Debug\link.4576.write.1.tlog
C:\Users\webadm\Documents\Visual Studio 11\Projects\DirectXApplication1\DirectXApplication1\x64\Debug\link.4616.read.1.tlog
C:\Users\webadm\Documents\Visual Studio 11\Projects\DirectXApplication1\DirectXApplication1\x64\Debug\link.4616.write.1.tlog
C:\Users\webadm\Documents\Visual Studio 11\Projects\DirectXApplication1\DirectXApplication1\x64\Debug\link.4616-cvtres.read.1.tlog
C:\Users\webadm\Documents\Visual Studio 11\Projects\DirectXApplication1\DirectXApplication1\x64\Debug\link.4616-cvtres.write.1.tlog
C:\Users\webadm\Documents\Visual Studio 11\Projects\DirectXApplication1\DirectXApplication1\x64\Debug\link.4660.read.1.tlog
C:\Users\webadm\Documents\Visual Studio 11\Projects\DirectXApplication1\DirectXApplication1\x64\Debug\link.4660.write.1.tlog
C:\Users\webadm\Documents\Visual Studio 11\Projects\DirectXApplication1\DirectXApplication1\x64\Debug\link.4700.read.1.tlog
C:\Users\webadm\Documents\Visual Studio 11\Projects\DirectXApplication1\DirectXApplication1\x64\Debug\link.4700.write.1.tlog
C:\Users\webadm\Documents\Visual Studio 11\Projects\DirectXApplication1\DirectXApplication1\x64\Debug\link.4776.read.1.tlog
C:\Users\webadm\Documents\Visual Studio 11\Projects\DirectXApplication1\DirectXApplication1\x64\Debug\link.4776.write.1.tlog
C:\Users\webadm\Documents\Visual Studio 11\Projects\DirectXApplication1\DirectXApplication1\x64\Debug\link.4792.read.1.tlog
C:\Users\webadm\Documents\Visual Studio 11\Projects\DirectXApplication1\DirectXApplication1\x64\Debug\link.4792.write.1.tlog
C:\Users\webadm\Documents\Visual Studio 11\Projects\DirectXApplication1\DirectXApplication1\x64\Debug\link.4868.read.1.tlog
C:\Users\webadm\Documents\Visual Studio 11\Projects\DirectXApplication1\DirectXApplication1\x64\Debug\link.4868.write.1.tlog
C:\Users\webadm\Documents\Visual Studio 11\Projects\DirectXApplication1\DirectXApplication1\x64\Debug\link.4892.read.1.tlog
C:\Users\webadm\Documents\Visual Studio 11\Projects\DirectXApplication1\DirectXApplication1\x64\Debug\link.4892.write.1.tlog
C:\Users\webadm\Documents\Visual Studio 11\Projects\DirectXApplication1\DirectXApplication1\x64\Debug\link.4908.read.1.tlog
C:\Users\webadm\Documents\Visual Studio 11\Projects\DirectXApplication1\DirectXApplication1\x64\Debug\link.4908.write.1.tlog
C:\Users\webadm\Documents\Visual Studio 11\Projects\DirectXApplication1\DirectXApplication1\x64\Debug\link.4920.read.1.tlog
C:\Users\webadm\Documents\Visual Studio 11\Projects\DirectXApplication1\DirectXApplication1\x64\Debug\link.4920.write.1.tlog
C:\Users\webadm\Documents\Visual Studio 11\Projects\DirectXApplication1\DirectXApplication1\x64\Debug\link.4928.read.1.tlog
C:\Users\webadm\Documents\Visual Studio 11\Projects\DirectXApplication1\DirectXApplication1\x64\Debug\link.4928.write.1.tlog
C:\Users\webadm\Documents\Visual Studio 11\Projects\DirectXApplication1\DirectXApplication1\x64\Debug\link.4956.read.1.tlog
C:\Users\webadm\Documents\Visual Studio 11\Projects\DirectXApplication1\DirectXApplication1\x64\Debug\link.4956.write.1.tlog
C:\Users\webadm\Documents\Visual Studio 11\Projects\DirectXApplication1\DirectXApplication1\x64\Debug\link.5000.read.1.tlog
C:\Users\webadm\Documents\Visual Studio 11\Projects\DirectXApplication1\DirectXApplication1\x64\Debug\link.5000.write.1.tlog
C:\Users\webadm\Documents\Visual Studio 11\Projects\DirectXApplication1\DirectXApplication1\x64\Debug\link.5040.read.1.tlog
C:\Users\webadm\Documents\Visual Studio 11\Projects\DirectXApplication1\DirectXApplication1\x64\Debug\link.5040.write.1.tlog
C:\Users\webadm\Documents\Visual Studio 11\Projects\DirectXApplication1\DirectXApplication1\x64\Debug\link.5044.read.1.tlog
C:\Users\webadm\Documents\Visual Studio 11\Projects\DirectXApplication1\DirectXApplication1\x64\Debug\link.5044.write.1.tlog
C:\Users\webadm\Documents\Visual Studio 11\Projects\DirectXApplication1\DirectXApplication1\x64\Debug\link.5168.read.1.tlog
C:\Users\webadm\Documents\Visual Studio 11\Projects\DirectXApplication1\DirectXApplication1\x64\Debug\link.5168.write.1.tlog
C:\Users\webadm\Documents\Visual Studio 11\Projects\DirectXApplication1\DirectXApplication1\x64\Debug\link.5388.read.1.tlog
C:\Users\webadm\Documents\Visual Studio 11\Projects\DirectXApplication1\DirectXApplication1\x64\Debug\link.5388.write.1.tlog
C:\Users\webadm\Documents\Visual Studio 11\Projects\DirectXApplication1\DirectXApplication1\x64\Debug\link.5452.read.1.tlog
C:\Users\webadm\Documents\Visual Studio 11\Projects\DirectXApplication1\DirectXApplication1\x64\Debug\link.5452.write.1.tlog
C:\Users\webadm\Documents\Visual Studio 11\Projects\DirectXApplication1\DirectXApplication1\x64\Debug\link.5468.read.1.tlog
C:\Users\webadm\Documents\Visual Studio 11\Projects\DirectXApplication1\DirectXApplication1\x64\Debug\link.5468.write.1.tlog
C:\Users\webadm\Documents\Visual Studio 11\Projects\DirectXApplication1\DirectXApplication1\x64\Debug\link.5592.read.1.tlog
C:\Users\webadm\Documents\Visual Studio 11\Projects\DirectXApplication1\DirectXApplication1\x64\Debug\link.5592.write.1.tlog
C:\Users\webadm\Documents\Visual Studio 11\Projects\DirectXApplication1\DirectXApplication1\x64\Debug\link.5736.read.1.tlog
C:\Users\webadm\Documents\Visual Studio 11\Projects\DirectXApplication1\DirectXApplication1\x64\Debug\link.5736.write.1.tlog
C:\Users\webadm\Documents\Visual Studio 11\Projects\DirectXApplication1\DirectXApplication1\x64\Debug\link.5736-cvtres.read.1.tlog
C:\Users\webadm\Documents\Visual Studio 11\Projects\DirectXApplication1\DirectXApplication1\x64\Debug\link.5736-cvtres.write.1.tlog
C:\Users\webadm\Documents\Visual Studio 11\Projects\DirectXApplication1\DirectXApplication1\x64\Debug\link.5760.read.1.tlog
C:\Users\webadm\Documents\Visual Studio 11\Projects\DirectXApplication1\DirectXApplication1\x64\Debug\link.5760.write.1.tlog
C:\Users\webadm\Documents\Visual Studio 11\Projects\DirectXApplication1\DirectXApplication1\x64\Debug\link.5796.read.1.tlog
C:\Users\webadm\Documents\Visual Studio 11\Projects\DirectXApplication1\DirectXApplication1\x64\Debug\link.5796.write.1.tlog
C:\Users\webadm\Documents\Visual Studio 11\Projects\DirectXApplication1\DirectXApplication1\x64\Debug\link.5912.read.1.tlog
C:\Users\webadm\Documents\Visual Studio 11\Projects\DirectXApplication1\DirectXApplication1\x64\Debug\link.5912.write.1.tlog
C:\Users\webadm\Documents\Visual Studio 11\Projects\DirectXApplication1\DirectXApplication1\x64\Debug\link.628.read.1.tlog
C:\Users\webadm\Documents\Visual Studio 11\Projects\DirectXApplication1\DirectXApplication1\x64\Debug\link.628.write.1.tlog
C:\Users\webadm\Documents\Visual Studio 11\Projects\DirectXApplication1\DirectXApplication1\x64\Debug\link.636.read.1.tlog
C:\Users\webadm\Documents\Visual Studio 11\Projects\DirectXApplication1\DirectXApplication1\x64\Debug\link.636.write.1.tlog
C:\Users\webadm\Documents\Visual Studio 11\Projects\DirectXApplication1\DirectXApplication1\x64\Debug\link.656.read.1.tlog
C:\Users\webadm\Documents\Visual Studio 11\Projects\DirectXApplication1\DirectXApplication1\x64\Debug\link.656.write.1.tlog
C:\Users\webadm\Documents\Visual Studio 11\Projects\DirectXApplication1\DirectXApplication1\x64\Debug\link.668.read.1.tlog
C:\Users\webadm\Documents\Visual Studio 11\Projects\DirectXApplication1\DirectXApplication1\x64\Debug\link.668.write.1.tlog
C:\Users\webadm\Documents\Visual Studio 11\Projects\DirectXApplication1\DirectXApplication1\x64\Debug\link.76.read.1.tlog
C:\Users\webadm\Documents\Visual Studio 11\Projects\DirectXApplication1\DirectXApplication1\x64\Debug\link.76.write.1.tlog
C:\Users\webadm\Documents\Visual Studio 11\Projects\DirectXApplication1\DirectXApplication1\x64\Debug\link.832.read.1.tlog
C:\Users\webadm\Documents\Visual Studio 11\Projects\DirectXApplication1\DirectXApplication1\x64\Debug\link.832.write.1.tlog
C:\Users\webadm\Documents\Visual Studio 11\Projects\DirectXApplication1\DirectXApplication1\x64\Debug\link.964.read.1.tlog
C:\Users\webadm\Documents\Visual Studio 11\Projects\DirectXApplication1\DirectXApplication1\x64\Debug\link.964.write.1.tlog
C:\Users\webadm\Documents\Visual Studio 11\Projects\DirectXApplication1\DirectXApplication1\x64\Debug\link.command.1.tlog
C:\Users\webadm\Documents\Visual Studio 11\Projects\DirectXApplication1\DirectXApplication1\x64\Debug\link.read.1.tlog
C:\Users\webadm\Documents\Visual Studio 11\Projects\DirectXApplication1\DirectXApplication1\x64\Debug\link.write.1.tlog
C:\Users\webadm\Documents\Visual Studio 11\Projects\DirectXApplication1\DirectXApplication1\x64\Debug\link-cvtres.read.1.tlog
C:\Users\webadm\Documents\Visual Studio 11\Projects\DirectXApplication1\DirectXApplication1\x64\Debug\link-cvtres.write.1.tlog
C:\USERS\WEBADM\DOCUMENTS\VISUAL STUDIO 11\PROJECTS\DIRECTXAPPLICATION1\DIRECTXAPPLICATION1\X64\DEBUG\MAIN.OBJ
C:\Users\webadm\Documents\Visual Studio 11\Projects\DirectXApplication1\DirectXApplication1\x64\Debug\mt.command.1.tlog
C:\Users\webadm\Documents\Visual Studio 11\Projects\DirectXApplication1\DirectXApplication1\x64\Debug\mt.read.1.tlog
C:\Users\webadm\Documents\Visual Studio 11\Projects\DirectXApplication1\DirectXApplication1\x64\Debug\mt.write.1.tlog
C:\USERS\WEBADM\DOCUMENTS\VISUAL STUDIO 11\PROJECTS\DIRECTXAPPLICATION1\DIRECTXAPPLICATION1\X64\DEBUG\PCH.OBJ
C:\Users\webadm\Documents\Visual Studio 11\Projects\DirectXApplication1\DirectXApplication1\x64\Debug\rc.command.1.tlog
C:\Users\webadm\Documents\Visual Studio 11\Projects\DirectXApplication1\DirectXApplication1\x64\Debug\rc.read.1.tlog
C:\Users\webadm\Documents\Visual Studio 11\Projects\DirectXApplication1\DirectXApplication1\x64\Debug\rc.write.1.tlog
C:\USERS\WEBADM\DOCUMENTS\VISUAL STUDIO 11\PROJECTS\DIRECTXAPPLICATION1\DIRECTXAPPLICATION1\X64\DEBUG\VC110.PDB
C:\USERS\WEBADM\DOCUMENTS\VISUAL STUDIO 11\PROJECTS\DIRECTXAPPLICATION1\DIRECTXAPPLICATION1\X64\DEBUG\VIEWPROVIDER.OBJ
C:\USERS\WEBADM\DOCUMENTS\VISUAL STUDIO 11\PROJECTS\DIRECTXAPPLICATION1\X64\DEBUG\DIRECTXAPPLICATION1.EXE
C:\USERS\WEBADM\DOCUMENTS\VISUAL STUDIO 11\PROJECTS\DIRECTXAPPLICATION1\X64\DEBUG\DIRECTXAPPLICATION1.ILK
C:\USERS\WEBADM\DOCUMENTS\VISUAL STUDIO 11\PROJECTS\DIRECTXAPPLICATION1\X64\DEBUG\DIRECTXAPPLICATION1.PDB
C:\USERS\WEBADM\DOCUMENTS\VISUAL STUDIO 11\PROJECTS\DIRECTXAPPLICATION1\X64\DEBUG\DIRECTXAPPLICATION1.WINMD
C:\Users\webadm\Documents\Visual Studio 11\Projects\DirectXApplication1\x64\Debug\DXInteropLib.pdb
C:\Users\webadm\Documents\Visual Studio 11\Projects\DirectXApplication1\x64\Debug\DXInteropLib.winmd
C:\Users\webadm\Documents\Visual Studio 11\Projects\DirectXApplication1\x64\Debug\platform.winmd
C:\Users\webadm\Documents\Visual Studio 11\Projects\DirectXApplication1\x64\Debug\TestProgram.pdb
C:\Users\webadm\Documents\Visual Studio 11\Projects\DirectXApplication1\x64\Debug\TestProgram.winmd
