C:\Users\webadm\Documents\Visual Studio 11\Projects\DirectXApplication1\DirectXApplication1\x64\Release\cl.command.1.tlog
C:\Users\webadm\Documents\Visual Studio 11\Projects\DirectXApplication1\DirectXApplication1\x64\Release\CL.read.1.tlog
C:\Users\webadm\Documents\Visual Studio 11\Projects\DirectXApplication1\DirectXApplication1\x64\Release\CL.write.1.tlog
C:\USERS\WEBADM\DOCUMENTS\VISUAL STUDIO 11\PROJECTS\DIRECTXAPPLICATION1\DIRECTXAPPLICATION1\X64\RELEASE\D3DRENDERER.OBJ
C:\USERS\WEBADM\DOCUMENTS\VISUAL STUDIO 11\PROJECTS\DIRECTXAPPLICATION1\DIRECTXAPPLICATION1\X64\RELEASE\D3DVIEW.OBJ
C:\USERS\WEBADM\DOCUMENTS\VISUAL STUDIO 11\PROJECTS\DIRECTXAPPLICATION1\DIRECTXAPPLICATION1\X64\RELEASE\DIRECTXAPPLICATION1.EXE.INTERMEDIATE.MANIFEST
C:\USERS\WEBADM\DOCUMENTS\VISUAL STUDIO 11\PROJECTS\DIRECTXAPPLICATION1\DIRECTXAPPLICATION1\X64\RELEASE\DIRECTXAPPLICATION1.PCH
C:\Users\webadm\Documents\Visual Studio 11\Projects\DirectXApplication1\DirectXApplication1\x64\Release\DirectXApplication1.vcxprojResolveAssemblyReference.cache
C:\Users\webadm\Documents\Visual Studio 11\Projects\DirectXApplication1\DirectXApplication1\x64\Release\DirectXApplication1.write.1.tlog
C:\Users\webadm\Documents\Visual Studio 11\Projects\DirectXApplication1\DirectXApplication1\x64\Release\link.command.1.tlog
C:\Users\webadm\Documents\Visual Studio 11\Projects\DirectXApplication1\DirectXApplication1\x64\Release\link.read.1.tlog
C:\Users\webadm\Documents\Visual Studio 11\Projects\DirectXApplication1\DirectXApplication1\x64\Release\link.write.1.tlog
C:\USERS\WEBADM\DOCUMENTS\VISUAL STUDIO 11\PROJECTS\DIRECTXAPPLICATION1\DIRECTXAPPLICATION1\X64\RELEASE\MAIN.OBJ
C:\Users\webadm\Documents\Visual Studio 11\Projects\DirectXApplication1\DirectXApplication1\x64\Release\mt.command.1.tlog
C:\Users\webadm\Documents\Visual Studio 11\Projects\DirectXApplication1\DirectXApplication1\x64\Release\mt.read.1.tlog
C:\Users\webadm\Documents\Visual Studio 11\Projects\DirectXApplication1\DirectXApplication1\x64\Release\mt.write.1.tlog
C:\USERS\WEBADM\DOCUMENTS\VISUAL STUDIO 11\PROJECTS\DIRECTXAPPLICATION1\DIRECTXAPPLICATION1\X64\RELEASE\PCH.OBJ
C:\USERS\WEBADM\DOCUMENTS\VISUAL STUDIO 11\PROJECTS\DIRECTXAPPLICATION1\DIRECTXAPPLICATION1\X64\RELEASE\VC110.PDB
C:\USERS\WEBADM\DOCUMENTS\VISUAL STUDIO 11\PROJECTS\DIRECTXAPPLICATION1\DIRECTXAPPLICATION1\X64\RELEASE\VIEWPROVIDER.OBJ
C:\USERS\WEBADM\DOCUMENTS\VISUAL STUDIO 11\PROJECTS\DIRECTXAPPLICATION1\X64\RELEASE\DIRECTXAPPLICATION1.EXE
C:\USERS\WEBADM\DOCUMENTS\VISUAL STUDIO 11\PROJECTS\DIRECTXAPPLICATION1\X64\RELEASE\DIRECTXAPPLICATION1.PDB
C:\USERS\WEBADM\DOCUMENTS\VISUAL STUDIO 11\PROJECTS\DIRECTXAPPLICATION1\X64\RELEASE\DIRECTXAPPLICATION1.WINMD
C:\Users\webadm\Documents\Visual Studio 11\Projects\DirectXApplication1\x64\Release\DXInteropLib.pdb
C:\Users\webadm\Documents\Visual Studio 11\Projects\DirectXApplication1\x64\Release\DXInteropLib.winmd
C:\Users\webadm\Documents\Visual Studio 11\Projects\DirectXApplication1\x64\Release\platform.winmd
C:\Users\webadm\Documents\Visual Studio 11\Projects\DirectXApplication1\x64\Release\TestProgram.pdb
C:\Users\webadm\Documents\Visual Studio 11\Projects\DirectXApplication1\x64\Release\TestProgram.winmd
