C:\Users\webadm\Documents\Visual Studio 11\Projects\DirectXApplication1\DXInteropLib\x64\Release\cl.command.1.tlog
C:\Users\webadm\Documents\Visual Studio 11\Projects\DirectXApplication1\DXInteropLib\x64\Release\CL.read.1.tlog
C:\Users\webadm\Documents\Visual Studio 11\Projects\DirectXApplication1\DXInteropLib\x64\Release\CL.write.1.tlog
C:\Users\webadm\Documents\Visual Studio 11\Projects\DirectXApplication1\DXInteropLib\x64\Release\DXInteropLib.vcxprojResolveAssemblyReference.cache
C:\Users\webadm\Documents\Visual Studio 11\Projects\DirectXApplication1\DXInteropLib\x64\Release\DXInteropLib.write.1.tlog
C:\Users\webadm\Documents\Visual Studio 11\Projects\DirectXApplication1\DXInteropLib\x64\Release\link.command.1.tlog
C:\Users\webadm\Documents\Visual Studio 11\Projects\DirectXApplication1\DXInteropLib\x64\Release\link.read.1.tlog
C:\Users\webadm\Documents\Visual Studio 11\Projects\DirectXApplication1\DXInteropLib\x64\Release\link.write.1.tlog
C:\USERS\WEBADM\DOCUMENTS\VISUAL STUDIO 11\PROJECTS\DIRECTXAPPLICATION1\DXINTEROPLIB\X64\RELEASE\PCH.OBJ
C:\USERS\WEBADM\DOCUMENTS\VISUAL STUDIO 11\PROJECTS\DIRECTXAPPLICATION1\DXINTEROPLIB\X64\RELEASE\PCH.PCH
C:\Users\webadm\Documents\Visual Studio 11\Projects\DirectXApplication1\DXInteropLib\x64\Release\PixelShader.h
C:\USERS\WEBADM\DOCUMENTS\VISUAL STUDIO 11\PROJECTS\DIRECTXAPPLICATION1\DXINTEROPLIB\X64\RELEASE\VC110.PDB
C:\Users\webadm\Documents\Visual Studio 11\Projects\DirectXApplication1\DXInteropLib\x64\Release\VertexShader.h
C:\USERS\WEBADM\DOCUMENTS\VISUAL STUDIO 11\PROJECTS\DIRECTXAPPLICATION1\DXINTEROPLIB\X64\RELEASE\WINRTCOMPONENT.OBJ
C:\USERS\WEBADM\DOCUMENTS\VISUAL STUDIO 11\PROJECTS\DIRECTXAPPLICATION1\X64\RELEASE\DXINTEROPLIB\DXINTEROPLIB.DLL
C:\Users\webadm\Documents\Visual Studio 11\Projects\DirectXApplication1\x64\Release\DXInteropLib\DXInteropLib.exp
C:\Users\webadm\Documents\Visual Studio 11\Projects\DirectXApplication1\x64\Release\DXInteropLib\DXInteropLib.lib
C:\USERS\WEBADM\DOCUMENTS\VISUAL STUDIO 11\PROJECTS\DIRECTXAPPLICATION1\X64\RELEASE\DXINTEROPLIB\DXINTEROPLIB.PDB
C:\USERS\WEBADM\DOCUMENTS\VISUAL STUDIO 11\PROJECTS\DIRECTXAPPLICATION1\X64\RELEASE\DXINTEROPLIB\DXINTEROPLIB.WINMD
C:\Users\webadm\Documents\Visual Studio 11\Projects\DirectXApplication1\x64\Release\DXInteropLib\PixelShader.cso
C:\Users\webadm\Documents\Visual Studio 11\Projects\DirectXApplication1\x64\Release\DXInteropLib\VertexShader.cso
