Build started 9/27/2011 11:42:12 PM.
     1>Project "C:\Users\webadm\Documents\Visual Studio 11\Projects\DirectXApplication1\DXInteropLib\DXInteropLib.vcxproj" on node 2 (Build target(s)).
         C:\Program Files (x86)\Windows Kits\8.0\bin\x86\fxc.exe /E"main" /T ps_4_0_level_9_1 /Fh "x64\Release\PixelShader.h" /Fo "C:\Users\webadm\Documents\Visual Studio 11\Projects\DirectXApplication1\x64\Release\DXInteropLib\PixelShader.cso" PixelShader.hlsl 
         Microsoft (R) Direct3D Shader Compiler 9.30.960.8102
         Copyright (C) Microsoft Corporation 2002-2011. All rights reserved.
         
         compilation succeeded; see C:\Users\webadm\Documents\Visual Studio 11\Projects\DirectXApplication1\DXInteropLib\x64\Release\PixelShader.h
         compilation succeeded; see C:\Users\webadm\Documents\Visual Studio 11\Projects\DirectXApplication1\x64\Release\DXInteropLib\PixelShader.cso
         C:\Program Files (x86)\Windows Kits\8.0\bin\x86\fxc.exe /E"main" /T vs_4_0_level_9_1 /Fh "x64\Release\VertexShader.h" /Fo "C:\Users\webadm\Documents\Visual Studio 11\Projects\DirectXApplication1\x64\Release\DXInteropLib\VertexShader.cso" VertexShader.hlsl 
         Microsoft (R) Direct3D Shader Compiler 9.30.960.8102
         Copyright (C) Microsoft Corporation 2002-2011. All rights reserved.
         
         compilation succeeded; see C:\Users\webadm\Documents\Visual Studio 11\Projects\DirectXApplication1\DXInteropLib\x64\Release\VertexShader.h
         compilation succeeded; see C:\Users\webadm\Documents\Visual Studio 11\Projects\DirectXApplication1\x64\Release\DXInteropLib\VertexShader.cso
         C:\Program Files (x86)\Microsoft Visual Studio 11.0\VC\bin\x86_amd64\link.exe /ERRORREPORT:PROMPT /OUT:"C:\Users\webadm\Documents\Visual Studio 11\Projects\DirectXApplication1\x64\Release\DXInteropLib\DXInteropLib.dll" /INCREMENTAL:NO /NOLOGO runtimeobject.lib kernel32.lib user32.lib gdi32.lib winspool.lib comdlg32.lib advapi32.lib shell32.lib ole32.lib oleaut32.lib uuid.lib odbc32.lib odbccp32.lib /MANIFEST:NO /DEBUG /PDB:"C:\Users\webadm\Documents\Visual Studio 11\Projects\DirectXApplication1\x64\Release\DXInteropLib\DXInteropLib.pdb" /SUBSYSTEM:CONSOLE /OPT:REF /OPT:ICF /LTCG /TLBID:1 /APPCONTAINER /WINMD:ONLY /WINMDFILE:"C:\Users\webadm\Documents\Visual Studio 11\Projects\DirectXApplication1\x64\Release\DXInteropLib\DXInteropLib.winmd" /DYNAMICBASE /NXCOMPAT /MACHINE:X64 /DLL x64\Release\pch.obj
         x64\Release\WinRTComponent.obj
         Generating code
         Finished generating code
         DXInteropLib.vcxproj -> C:\Users\webadm\Documents\Visual Studio 11\Projects\DirectXApplication1\x64\Release\DXInteropLib\DXInteropLib.winmd
         C:\Program Files (x86)\Microsoft Visual Studio 11.0\VC\bin\x86_amd64\link.exe /ERRORREPORT:PROMPT /OUT:"C:\Users\webadm\Documents\Visual Studio 11\Projects\DirectXApplication1\x64\Release\DXInteropLib\DXInteropLib.dll" /INCREMENTAL:NO /NOLOGO runtimeobject.lib kernel32.lib user32.lib gdi32.lib winspool.lib comdlg32.lib advapi32.lib shell32.lib ole32.lib oleaut32.lib uuid.lib odbc32.lib odbccp32.lib /MANIFEST:NO /DEBUG /PDB:"C:\Users\webadm\Documents\Visual Studio 11\Projects\DirectXApplication1\x64\Release\DXInteropLib\DXInteropLib.pdb" /SUBSYSTEM:CONSOLE /OPT:REF /OPT:ICF /LTCG /TLBID:1 /APPCONTAINER /WINMD /WINMDFILE:"C:\Users\webadm\Documents\Visual Studio 11\Projects\DirectXApplication1\x64\Release\DXInteropLib\DXInteropLib.winmd" /DYNAMICBASE /NXCOMPAT /MACHINE:X64 /DLL x64\Release\pch.obj
         x64\Release\WinRTComponent.obj
            Creating library C:\Users\webadm\Documents\Visual Studio 11\Projects\DirectXApplication1\x64\Release\DXInteropLib\DXInteropLib.lib and object C:\Users\webadm\Documents\Visual Studio 11\Projects\DirectXApplication1\x64\Release\DXInteropLib\DXInteropLib.exp
         Generating code
         Finished generating code
         DXInteropLib.vcxproj -> C:\Users\webadm\Documents\Visual Studio 11\Projects\DirectXApplication1\x64\Release\DXInteropLib\DXInteropLib.dll
     1>Done Building Project "C:\Users\webadm\Documents\Visual Studio 11\Projects\DirectXApplication1\DXInteropLib\DXInteropLib.vcxproj" (Build target(s)).

Build succeeded.

Time Elapsed 00:00:12.66
