C:\USERS\WEBADM\DOCUMENTS\VISUAL STUDIO 11\PROJECTS\DIRECTXAPPLICATION1\DXINTEROPLIB\X64\DEBUG\BASICCAMERA.OBJ
C:\Users\webadm\Documents\Visual Studio 11\Projects\DirectXApplication1\DXInteropLib\x64\Debug\cl.command.1.tlog
C:\Users\webadm\Documents\Visual Studio 11\Projects\DirectXApplication1\DXInteropLib\x64\Debug\CL.read.1.tlog
C:\Users\webadm\Documents\Visual Studio 11\Projects\DirectXApplication1\DXInteropLib\x64\Debug\CL.write.1.tlog
C:\USERS\WEBADM\DOCUMENTS\VISUAL STUDIO 11\PROJECTS\DIRECTXAPPLICATION1\DXINTEROPLIB\X64\DEBUG\DIRECTMATRIX.OBJ
C:\Users\webadm\Documents\Visual Studio 11\Projects\DirectXApplication1\DXInteropLib\x64\Debug\DXInteropLib.vcxprojResolveAssemblyReference.cache
C:\Users\webadm\Documents\Visual Studio 11\Projects\DirectXApplication1\DXInteropLib\x64\Debug\DXInteropLib.write.1.tlog
C:\Users\webadm\Documents\Visual Studio 11\Projects\DirectXApplication1\DXInteropLib\x64\Debug\link.1000.read.1.tlog
C:\Users\webadm\Documents\Visual Studio 11\Projects\DirectXApplication1\DXInteropLib\x64\Debug\link.1000.write.1.tlog
C:\Users\webadm\Documents\Visual Studio 11\Projects\DirectXApplication1\DXInteropLib\x64\Debug\link.1436.read.1.tlog
C:\Users\webadm\Documents\Visual Studio 11\Projects\DirectXApplication1\DXInteropLib\x64\Debug\link.1436.write.1.tlog
C:\Users\webadm\Documents\Visual Studio 11\Projects\DirectXApplication1\DXInteropLib\x64\Debug\link.1512.read.1.tlog
C:\Users\webadm\Documents\Visual Studio 11\Projects\DirectXApplication1\DXInteropLib\x64\Debug\link.1512.write.1.tlog
C:\Users\webadm\Documents\Visual Studio 11\Projects\DirectXApplication1\DXInteropLib\x64\Debug\link.1856.read.1.tlog
C:\Users\webadm\Documents\Visual Studio 11\Projects\DirectXApplication1\DXInteropLib\x64\Debug\link.1856.write.1.tlog
C:\Users\webadm\Documents\Visual Studio 11\Projects\DirectXApplication1\DXInteropLib\x64\Debug\link.196.read.1.tlog
C:\Users\webadm\Documents\Visual Studio 11\Projects\DirectXApplication1\DXInteropLib\x64\Debug\link.196.write.1.tlog
C:\Users\webadm\Documents\Visual Studio 11\Projects\DirectXApplication1\DXInteropLib\x64\Debug\link.228.read.1.tlog
C:\Users\webadm\Documents\Visual Studio 11\Projects\DirectXApplication1\DXInteropLib\x64\Debug\link.228.write.1.tlog
C:\Users\webadm\Documents\Visual Studio 11\Projects\DirectXApplication1\DXInteropLib\x64\Debug\link.2372.read.1.tlog
C:\Users\webadm\Documents\Visual Studio 11\Projects\DirectXApplication1\DXInteropLib\x64\Debug\link.2372.write.1.tlog
C:\Users\webadm\Documents\Visual Studio 11\Projects\DirectXApplication1\DXInteropLib\x64\Debug\link.2412.read.1.tlog
C:\Users\webadm\Documents\Visual Studio 11\Projects\DirectXApplication1\DXInteropLib\x64\Debug\link.2412.write.1.tlog
C:\Users\webadm\Documents\Visual Studio 11\Projects\DirectXApplication1\DXInteropLib\x64\Debug\link.2520.read.1.tlog
C:\Users\webadm\Documents\Visual Studio 11\Projects\DirectXApplication1\DXInteropLib\x64\Debug\link.2520.write.1.tlog
C:\Users\webadm\Documents\Visual Studio 11\Projects\DirectXApplication1\DXInteropLib\x64\Debug\link.2696.read.1.tlog
C:\Users\webadm\Documents\Visual Studio 11\Projects\DirectXApplication1\DXInteropLib\x64\Debug\link.2696.write.1.tlog
C:\Users\webadm\Documents\Visual Studio 11\Projects\DirectXApplication1\DXInteropLib\x64\Debug\link.2820.read.1.tlog
C:\Users\webadm\Documents\Visual Studio 11\Projects\DirectXApplication1\DXInteropLib\x64\Debug\link.2820.write.1.tlog
C:\Users\webadm\Documents\Visual Studio 11\Projects\DirectXApplication1\DXInteropLib\x64\Debug\link.3296.read.1.tlog
C:\Users\webadm\Documents\Visual Studio 11\Projects\DirectXApplication1\DXInteropLib\x64\Debug\link.3296.write.1.tlog
C:\Users\webadm\Documents\Visual Studio 11\Projects\DirectXApplication1\DXInteropLib\x64\Debug\link.3324.read.1.tlog
C:\Users\webadm\Documents\Visual Studio 11\Projects\DirectXApplication1\DXInteropLib\x64\Debug\link.3324.write.1.tlog
C:\Users\webadm\Documents\Visual Studio 11\Projects\DirectXApplication1\DXInteropLib\x64\Debug\link.340.read.1.tlog
C:\Users\webadm\Documents\Visual Studio 11\Projects\DirectXApplication1\DXInteropLib\x64\Debug\link.340.write.1.tlog
C:\Users\webadm\Documents\Visual Studio 11\Projects\DirectXApplication1\DXInteropLib\x64\Debug\link.3436.read.1.tlog
C:\Users\webadm\Documents\Visual Studio 11\Projects\DirectXApplication1\DXInteropLib\x64\Debug\link.3436.write.1.tlog
C:\Users\webadm\Documents\Visual Studio 11\Projects\DirectXApplication1\DXInteropLib\x64\Debug\link.3580.read.1.tlog
C:\Users\webadm\Documents\Visual Studio 11\Projects\DirectXApplication1\DXInteropLib\x64\Debug\link.3580.write.1.tlog
C:\Users\webadm\Documents\Visual Studio 11\Projects\DirectXApplication1\DXInteropLib\x64\Debug\link.4120.read.1.tlog
C:\Users\webadm\Documents\Visual Studio 11\Projects\DirectXApplication1\DXInteropLib\x64\Debug\link.4120.write.1.tlog
C:\Users\webadm\Documents\Visual Studio 11\Projects\DirectXApplication1\DXInteropLib\x64\Debug\link.4228.read.1.tlog
C:\Users\webadm\Documents\Visual Studio 11\Projects\DirectXApplication1\DXInteropLib\x64\Debug\link.4228.write.1.tlog
C:\Users\webadm\Documents\Visual Studio 11\Projects\DirectXApplication1\DXInteropLib\x64\Debug\link.4444.read.1.tlog
C:\Users\webadm\Documents\Visual Studio 11\Projects\DirectXApplication1\DXInteropLib\x64\Debug\link.4444.write.1.tlog
C:\Users\webadm\Documents\Visual Studio 11\Projects\DirectXApplication1\DXInteropLib\x64\Debug\link.4492.read.1.tlog
C:\Users\webadm\Documents\Visual Studio 11\Projects\DirectXApplication1\DXInteropLib\x64\Debug\link.4492.write.1.tlog
C:\Users\webadm\Documents\Visual Studio 11\Projects\DirectXApplication1\DXInteropLib\x64\Debug\link.5008.read.1.tlog
C:\Users\webadm\Documents\Visual Studio 11\Projects\DirectXApplication1\DXInteropLib\x64\Debug\link.5008.write.1.tlog
C:\Users\webadm\Documents\Visual Studio 11\Projects\DirectXApplication1\DXInteropLib\x64\Debug\link.5292.read.1.tlog
C:\Users\webadm\Documents\Visual Studio 11\Projects\DirectXApplication1\DXInteropLib\x64\Debug\link.5292.write.1.tlog
C:\Users\webadm\Documents\Visual Studio 11\Projects\DirectXApplication1\DXInteropLib\x64\Debug\link.5332.read.1.tlog
C:\Users\webadm\Documents\Visual Studio 11\Projects\DirectXApplication1\DXInteropLib\x64\Debug\link.5332.write.1.tlog
C:\Users\webadm\Documents\Visual Studio 11\Projects\DirectXApplication1\DXInteropLib\x64\Debug\link.5712.read.1.tlog
C:\Users\webadm\Documents\Visual Studio 11\Projects\DirectXApplication1\DXInteropLib\x64\Debug\link.5712.write.1.tlog
C:\Users\webadm\Documents\Visual Studio 11\Projects\DirectXApplication1\DXInteropLib\x64\Debug\link.5840.read.1.tlog
C:\Users\webadm\Documents\Visual Studio 11\Projects\DirectXApplication1\DXInteropLib\x64\Debug\link.5840.write.1.tlog
C:\Users\webadm\Documents\Visual Studio 11\Projects\DirectXApplication1\DXInteropLib\x64\Debug\link.5848.read.1.tlog
C:\Users\webadm\Documents\Visual Studio 11\Projects\DirectXApplication1\DXInteropLib\x64\Debug\link.5848.write.1.tlog
C:\Users\webadm\Documents\Visual Studio 11\Projects\DirectXApplication1\DXInteropLib\x64\Debug\link.5860.read.1.tlog
C:\Users\webadm\Documents\Visual Studio 11\Projects\DirectXApplication1\DXInteropLib\x64\Debug\link.5860.write.1.tlog
C:\Users\webadm\Documents\Visual Studio 11\Projects\DirectXApplication1\DXInteropLib\x64\Debug\link.5976.read.1.tlog
C:\Users\webadm\Documents\Visual Studio 11\Projects\DirectXApplication1\DXInteropLib\x64\Debug\link.5976.write.1.tlog
C:\Users\webadm\Documents\Visual Studio 11\Projects\DirectXApplication1\DXInteropLib\x64\Debug\link.6008.read.1.tlog
C:\Users\webadm\Documents\Visual Studio 11\Projects\DirectXApplication1\DXInteropLib\x64\Debug\link.6008.write.1.tlog
C:\Users\webadm\Documents\Visual Studio 11\Projects\DirectXApplication1\DXInteropLib\x64\Debug\link.6076.read.1.tlog
C:\Users\webadm\Documents\Visual Studio 11\Projects\DirectXApplication1\DXInteropLib\x64\Debug\link.6076.write.1.tlog
C:\Users\webadm\Documents\Visual Studio 11\Projects\DirectXApplication1\DXInteropLib\x64\Debug\link.932.read.1.tlog
C:\Users\webadm\Documents\Visual Studio 11\Projects\DirectXApplication1\DXInteropLib\x64\Debug\link.932.write.1.tlog
C:\Users\webadm\Documents\Visual Studio 11\Projects\DirectXApplication1\DXInteropLib\x64\Debug\link.956.read.1.tlog
C:\Users\webadm\Documents\Visual Studio 11\Projects\DirectXApplication1\DXInteropLib\x64\Debug\link.956.write.1.tlog
C:\Users\webadm\Documents\Visual Studio 11\Projects\DirectXApplication1\DXInteropLib\x64\Debug\link.command.1.tlog
C:\Users\webadm\Documents\Visual Studio 11\Projects\DirectXApplication1\DXInteropLib\x64\Debug\link.read.1.tlog
C:\Users\webadm\Documents\Visual Studio 11\Projects\DirectXApplication1\DXInteropLib\x64\Debug\link.write.1.tlog
C:\USERS\WEBADM\DOCUMENTS\VISUAL STUDIO 11\PROJECTS\DIRECTXAPPLICATION1\DXINTEROPLIB\X64\DEBUG\PCH.OBJ
C:\USERS\WEBADM\DOCUMENTS\VISUAL STUDIO 11\PROJECTS\DIRECTXAPPLICATION1\DXINTEROPLIB\X64\DEBUG\PCH.PCH
C:\Users\webadm\Documents\Visual Studio 11\Projects\DirectXApplication1\DXInteropLib\x64\Debug\PixelShader.h
C:\USERS\WEBADM\DOCUMENTS\VISUAL STUDIO 11\PROJECTS\DIRECTXAPPLICATION1\DXINTEROPLIB\X64\DEBUG\VC110.PDB
C:\Users\webadm\Documents\Visual Studio 11\Projects\DirectXApplication1\DXInteropLib\x64\Debug\VertexShader.h
C:\USERS\WEBADM\DOCUMENTS\VISUAL STUDIO 11\PROJECTS\DIRECTXAPPLICATION1\DXINTEROPLIB\X64\DEBUG\WINRTCOMPONENT.OBJ
C:\USERS\WEBADM\DOCUMENTS\VISUAL STUDIO 11\PROJECTS\DIRECTXAPPLICATION1\X64\DEBUG\DXINTEROPLIB\DXINTEROPLIB.DLL
C:\Users\webadm\Documents\Visual Studio 11\Projects\DirectXApplication1\x64\Debug\DXInteropLib\DXInteropLib.exp
C:\USERS\WEBADM\DOCUMENTS\VISUAL STUDIO 11\PROJECTS\DIRECTXAPPLICATION1\X64\DEBUG\DXINTEROPLIB\DXINTEROPLIB.ILK
C:\Users\webadm\Documents\Visual Studio 11\Projects\DirectXApplication1\x64\Debug\DXInteropLib\DXInteropLib.lib
C:\USERS\WEBADM\DOCUMENTS\VISUAL STUDIO 11\PROJECTS\DIRECTXAPPLICATION1\X64\DEBUG\DXINTEROPLIB\DXINTEROPLIB.PDB
C:\USERS\WEBADM\DOCUMENTS\VISUAL STUDIO 11\PROJECTS\DIRECTXAPPLICATION1\X64\DEBUG\DXINTEROPLIB\DXINTEROPLIB.WINMD
C:\Users\webadm\Documents\Visual Studio 11\Projects\DirectXApplication1\x64\Debug\DXInteropLib\PixelShader.cso
C:\Users\webadm\Documents\Visual Studio 11\Projects\DirectXApplication1\x64\Debug\DXInteropLib\VertexShader.cso
